<?xml version="1.0" encoding="UTF-8"?>
<testng-results skipped="0" failed="0" ignored="0" total="2" passed="2">
  <reporter-output>
  </reporter-output>
  <suite name="Default suite" duration-ms="23235" started-at="2019-09-24T21:06:02 CDT" finished-at="2019-09-24T21:06:25 CDT">
    <groups>
    </groups>
    <test name="Default test" duration-ms="23235" started-at="2019-09-24T21:06:02 CDT" finished-at="2019-09-24T21:06:25 CDT">
      <class name="com.training.sanity.tests.Week1TestCase3">
        <test-method status="PASS" signature="setUpBeforeClass()[pri:0, instance:com.training.sanity.tests.Week1TestCase3@1dfe2924]" name="setUpBeforeClass" is-config="true" duration-ms="32" started-at="2019-09-24T21:06:02 CDT" finished-at="2019-09-24T21:06:02 CDT">
          <reporter-output>
          </reporter-output>
        </test-method> <!-- setUpBeforeClass -->
        <test-method status="PASS" signature="validLoginTest()[pri:0, instance:com.training.sanity.tests.Week1TestCase3@1dfe2924]" name="validLoginTest" duration-ms="18060" started-at="2019-09-24T21:06:02 CDT" finished-at="2019-09-24T21:06:20 CDT">
          <reporter-output>
          </reporter-output>
        </test-method> <!-- validLoginTest -->
        <test-method status="PASS" signature="validLogoutTest()[pri:1, instance:com.training.sanity.tests.Week1TestCase3@1dfe2924]" name="validLogoutTest" duration-ms="2079" started-at="2019-09-24T21:06:20 CDT" finished-at="2019-09-24T21:06:22 CDT">
          <reporter-output>
          </reporter-output>
        </test-method> <!-- validLogoutTest -->
        <test-method status="PASS" signature="tearDown()[pri:0, instance:com.training.sanity.tests.Week1TestCase3@1dfe2924]" name="tearDown" is-config="true" duration-ms="2968" started-at="2019-09-24T21:06:22 CDT" finished-at="2019-09-24T21:06:25 CDT">
          <reporter-output>
          </reporter-output>
        </test-method> <!-- tearDown -->
      </class> <!-- com.training.sanity.tests.Week1TestCase3 -->
    </test> <!-- Default test -->
  </suite> <!-- Default suite -->
</testng-results>
